<?xml version="1.0" encoding="UTF-8"?>
<!-- Generated by org.testng.reporters.JUnitReportReporter -->
<testsuite hostname="DESKTOP-GADSLGM" failures="0" tests="1" name="Luminar_Project.Test" time="47.767" errors="0" timestamp="2025-03-23T15:12:45 IST" skipped="0">
  <testcase classname="Luminar_Project.Test" name="Testing" time="47.767"/>
</testsuite> <!-- Luminar_Project.Test -->
