<?xml version="1.0" encoding="UTF-8"?>
<!-- Generated by org.testng.reporters.JUnitReportReporter -->
<testsuite hostname="DESKTOP-GADSLGM" failures="0" tests="1" name="TEST.Test" time="19.255" errors="0" timestamp="2025-04-20T21:32:14 IST" skipped="0">
  <testcase classname="TEST.Test" name="Function" time="19.255"/>
</testsuite> <!-- TEST.Test -->
